<?xml version="1.0" encoding="UTF-8"?>
<testng-results ignored="0" total="1" passed="1" failed="0" skipped="0">
  <reporter-output>
  </reporter-output>
  <suite started-at="2022-12-08T13:59:47 IST" name="Default suite" finished-at="2022-12-08T14:00:20 IST" duration-ms="33072">
    <groups>
    </groups>
    <test started-at="2022-12-08T13:59:47 IST" name="Default test" finished-at="2022-12-08T14:00:20 IST" duration-ms="33072">
      <class name="loginTest.ToVerifyHomePageTest">
        <test-method is-config="true" signature="bsConfig()[pri:0, instance:loginTest.ToVerifyHomePageTest@3ee37e5a]" started-at="2022-12-08T13:59:47 IST" name="bsConfig" finished-at="2022-12-08T13:59:47 IST" duration-ms="11" status="PASS">
          <reporter-output>
          </reporter-output>
        </test-method> <!-- bsConfig -->
        <test-method is-config="true" signature="bcConfig()[pri:0, instance:loginTest.ToVerifyHomePageTest@3ee37e5a]" started-at="2022-12-08T13:59:47 IST" name="bcConfig" finished-at="2022-12-08T14:00:11 IST" duration-ms="23296" status="PASS">
          <reporter-output>
          </reporter-output>
        </test-method> <!-- bcConfig -->
        <test-method is-config="true" signature="bmConfig()[pri:0, instance:loginTest.ToVerifyHomePageTest@3ee37e5a]" started-at="2022-12-08T14:00:11 IST" name="bmConfig" finished-at="2022-12-08T14:00:11 IST" duration-ms="466" status="PASS">
          <reporter-output>
          </reporter-output>
        </test-method> <!-- bmConfig -->
        <test-method signature="toVerifyHomePageTest()[pri:0, instance:loginTest.ToVerifyHomePageTest@3ee37e5a]" started-at="2022-12-08T14:00:11 IST" name="toVerifyHomePageTest" finished-at="2022-12-08T14:00:18 IST" duration-ms="6553" status="PASS">
          <reporter-output>
          </reporter-output>
        </test-method> <!-- toVerifyHomePageTest -->
        <test-method is-config="true" signature="amConfig()[pri:0, instance:loginTest.ToVerifyHomePageTest@3ee37e5a]" started-at="2022-12-08T14:00:18 IST" name="amConfig" finished-at="2022-12-08T14:00:20 IST" duration-ms="2168" status="PASS">
          <reporter-output>
          </reporter-output>
        </test-method> <!-- amConfig -->
        <test-method is-config="true" signature="acConfig()[pri:0, instance:loginTest.ToVerifyHomePageTest@3ee37e5a]" started-at="2022-12-08T14:00:20 IST" name="acConfig" finished-at="2022-12-08T14:00:20 IST" duration-ms="525" status="PASS">
          <reporter-output>
          </reporter-output>
        </test-method> <!-- acConfig -->
        <test-method is-config="true" signature="asConfig()[pri:0, instance:loginTest.ToVerifyHomePageTest@3ee37e5a]" started-at="2022-12-08T14:00:21 IST" name="asConfig" finished-at="2022-12-08T14:00:21 IST" duration-ms="1" status="PASS">
          <reporter-output>
          </reporter-output>
        </test-method> <!-- asConfig -->
      </class> <!-- loginTest.ToVerifyHomePageTest -->
    </test> <!-- Default test -->
  </suite> <!-- Default suite -->
</testng-results>
